java.nio.channels.ClosedByInterruptException
	at java.nio.channels.spi.AbstractInterruptibleChannel.end(AbstractInterruptibleChannel.java:202)
	at sun.nio.ch.SocketChannelImpl.write(SocketChannelImpl.java:478)
	at org.apache.hadoop.net.SocketOutputStream$Writer.performIO(SocketOutputStream.java:63)
	at org.apache.hadoop.net.SocketIOWithTimeout.doIO(SocketIOWithTimeout.java:142)
	at org.apache.hadoop.net.SocketOutputStream.write(SocketOutputStream.java:159)
	at org.apache.hadoop.net.SocketOutputStream.write(SocketOutputStream.java:117)
	at java.io.BufferedOutputStream.flushBuffer(BufferedOutputStream.java:82)
	at java.io.BufferedOutputStream.flush(BufferedOutputStream.java:140)
	at java.io.DataOutputStream.flush(DataOutputStream.java:123)
	at org.apache.hadoop.hdfs.DFSOutputStream$DataStreamer.run(DFSOutputStream.java:614)
2019-06-03 19:07:28,507 WARN  org.apache.hadoop.hdfs.DFSClient                              - Caught exception
java.lang.InterruptedException
	at java.lang.Object.wait(Native Method)
	at java.lang.Thread.join(Thread.java:1252)
	at java.lang.Thread.join(Thread.java:1326)
	at org.apache.hadoop.hdfs.DFSOutputStream$DataStreamer.closeResponder(DFSOutputStream.java:716)
	at org.apache.hadoop.hdfs.DFSOutputStream$DataStreamer.closeInternal(DFSOutputStream.java:684)
	at org.apache.hadoop.hdfs.DFSOutputStream$DataStreamer.run(DFSOutputStream.java:680)
2019-06-03 19:07:28,508 ERROR org.apache.flink.streaming.runtime.tasks.StreamTask           - Error during disposal of stream operator.
java.io.InterruptedIOException: Interrupted while waiting for data to be acknowledged by pipeline
	at org.apache.hadoop.hdfs.DFSOutputStream.waitForAckedSeqno(DFSOutputStream.java:2362)
	at org.apache.hadoop.hdfs.DFSOutputStream.flushInternal(DFSOutputStream.java:2341)
	at org.apache.hadoop.hdfs.DFSOutputStream.closeImpl(DFSOutputStream.java:2477)
	at org.apache.hadoop.hdfs.DFSOutputStream.close(DFSOutputStream.java:2447)
	at org.apache.hadoop.fs.FSDataOutputStream$PositionCache.close(FSDataOutputStream.java:72)
	at org.apache.hadoop.fs.FSDataOutputStream.close(FSDataOutputStream.java:106)
	at org.apache.flink.streaming.connectors.fs.StreamWriterBase.close(StreamWriterBase.java:99)
	at org.apache.flink.streaming.connectors.fs.bucketing.BucketingSink.closeCurrentPartFile(BucketingSink.java:592)
	at org.apache.flink.streaming.connectors.fs.bucketing.BucketingSink.close(BucketingSink.java:440)
	at org.apache.flink.api.common.functions.util.FunctionUtils.closeFunction(FunctionUtils.java:43)
	at org.apache.flink.streaming.api.operators.AbstractUdfStreamOperator.dispose(AbstractUdfStreamOperator.java:117)
	at org.apache.flink.streaming.runtime.tasks.StreamTask.disposeAllOperators(StreamTask.java:477)
	at org.apache.flink.streaming.runtime.tasks.StreamTask.invoke(StreamTask.java:378)
	at org.apache.flink.runtime.taskmanager.Task.run(Task.java:704)
	at java.lang.Thread.run(Thread.java:748)
